<!DOCTYPE html>
<html>
  <head>
    <meta charset="utf-8"/>
    <title>Test Report</title>
    <link href="assets/style.css" rel="stylesheet" type="text/css"/></head>
  <body onLoad="init()">
    <script>/* This Source Code Form is subject to the terms of the Mozilla Public
 * License, v. 2.0. If a copy of the MPL was not distributed with this file,
 * You can obtain one at http://mozilla.org/MPL/2.0/. */


function toArray(iter) {
    if (iter === null) {
        return null;
    }
    return Array.prototype.slice.call(iter);
}

function find(selector, elem) { // eslint-disable-line no-redeclare
    if (!elem) {
        elem = document;
    }
    return elem.querySelector(selector);
}

function findAll(selector, elem) {
    if (!elem) {
        elem = document;
    }
    return toArray(elem.querySelectorAll(selector));
}

function sortColumn(elem) {
    toggleSortStates(elem);
    const colIndex = toArray(elem.parentNode.childNodes).indexOf(elem);
    let key;
    if (elem.classList.contains('result')) {
        key = keyResult;
    } else if (elem.classList.contains('links')) {
        key = keyLink;
    } else {
        key = keyAlpha;
    }
    sortTable(elem, key(colIndex));
}

function showAllExtras() { // eslint-disable-line no-unused-vars
    findAll('.col-result').forEach(showExtras);
}

function hideAllExtras() { // eslint-disable-line no-unused-vars
    findAll('.col-result').forEach(hideExtras);
}

function showExtras(colresultElem) {
    const extras = colresultElem.parentNode.nextElementSibling;
    const expandcollapse = colresultElem.firstElementChild;
    extras.classList.remove('collapsed');
    expandcollapse.classList.remove('expander');
    expandcollapse.classList.add('collapser');
}

function hideExtras(colresultElem) {
    const extras = colresultElem.parentNode.nextElementSibling;
    const expandcollapse = colresultElem.firstElementChild;
    extras.classList.add('collapsed');
    expandcollapse.classList.remove('collapser');
    expandcollapse.classList.add('expander');
}

function showFilters() {
    const filterItems = document.getElementsByClassName('filter');
    for (let i = 0; i < filterItems.length; i++)
        filterItems[i].hidden = false;
}

function addCollapse() {
    // Add links for show/hide all
    const resulttable = find('table#results-table');
    const showhideall = document.createElement('p');
    showhideall.innerHTML = '<a href="javascript:showAllExtras()">Show all details</a> / ' +
                            '<a href="javascript:hideAllExtras()">Hide all details</a>';
    resulttable.parentElement.insertBefore(showhideall, resulttable);

    // Add show/hide link to each result
    findAll('.col-result').forEach(function(elem) {
        const collapsed = getQueryParameter('collapsed') || 'Passed';
        const extras = elem.parentNode.nextElementSibling;
        const expandcollapse = document.createElement('span');
        if (extras.classList.contains('collapsed')) {
            expandcollapse.classList.add('expander');
        } else if (collapsed.includes(elem.innerHTML)) {
            extras.classList.add('collapsed');
            expandcollapse.classList.add('expander');
        } else {
            expandcollapse.classList.add('collapser');
        }
        elem.appendChild(expandcollapse);

        elem.addEventListener('click', function(event) {
            if (event.currentTarget.parentNode.nextElementSibling.classList.contains('collapsed')) {
                showExtras(event.currentTarget);
            } else {
                hideExtras(event.currentTarget);
            }
        });
    });
}

function getQueryParameter(name) {
    const match = RegExp('[?&]' + name + '=([^&]*)').exec(window.location.search);
    return match && decodeURIComponent(match[1].replace(/\+/g, ' '));
}

function init () { // eslint-disable-line no-unused-vars
    resetSortHeaders();

    addCollapse();

    showFilters();

    sortColumn(find('.initial-sort'));

    findAll('.sortable').forEach(function(elem) {
        elem.addEventListener('click',
            function() {
                sortColumn(elem);
            }, false);
    });
}

function sortTable(clicked, keyFunc) {
    const rows = findAll('.results-table-row');
    const reversed = !clicked.classList.contains('asc');
    const sortedRows = sort(rows, keyFunc, reversed);
    /* Whole table is removed here because browsers acts much slower
     * when appending existing elements.
     */
    const thead = document.getElementById('results-table-head');
    document.getElementById('results-table').remove();
    const parent = document.createElement('table');
    parent.id = 'results-table';
    parent.appendChild(thead);
    sortedRows.forEach(function(elem) {
        parent.appendChild(elem);
    });
    document.getElementsByTagName('BODY')[0].appendChild(parent);
}

function sort(items, keyFunc, reversed) {
    const sortArray = items.map(function(item, i) {
        return [keyFunc(item), i];
    });

    sortArray.sort(function(a, b) {
        const keyA = a[0];
        const keyB = b[0];

        if (keyA == keyB) return 0;

        if (reversed) {
            return keyA < keyB ? 1 : -1;
        } else {
            return keyA > keyB ? 1 : -1;
        }
    });

    return sortArray.map(function(item) {
        const index = item[1];
        return items[index];
    });
}

function keyAlpha(colIndex) {
    return function(elem) {
        return elem.childNodes[1].childNodes[colIndex].firstChild.data.toLowerCase();
    };
}

function keyLink(colIndex) {
    return function(elem) {
        const dataCell = elem.childNodes[1].childNodes[colIndex].firstChild;
        return dataCell == null ? '' : dataCell.innerText.toLowerCase();
    };
}

function keyResult(colIndex) {
    return function(elem) {
        const strings = ['Error', 'Failed', 'Rerun', 'XFailed', 'XPassed',
            'Skipped', 'Passed'];
        return strings.indexOf(elem.childNodes[1].childNodes[colIndex].firstChild.data);
    };
}

function resetSortHeaders() {
    findAll('.sort-icon').forEach(function(elem) {
        elem.parentNode.removeChild(elem);
    });
    findAll('.sortable').forEach(function(elem) {
        const icon = document.createElement('div');
        icon.className = 'sort-icon';
        icon.textContent = 'vvv';
        elem.insertBefore(icon, elem.firstChild);
        elem.classList.remove('desc', 'active');
        elem.classList.add('asc', 'inactive');
    });
}

function toggleSortStates(elem) {
    //if active, toggle between asc and desc
    if (elem.classList.contains('active')) {
        elem.classList.toggle('asc');
        elem.classList.toggle('desc');
    }

    //if inactive, reset all other functions and add ascending active
    if (elem.classList.contains('inactive')) {
        resetSortHeaders();
        elem.classList.remove('inactive');
        elem.classList.add('active');
    }
}

function isAllRowsHidden(value) {
    return value.hidden == false;
}

function filterTable(elem) { // eslint-disable-line no-unused-vars
    const outcomeAtt = 'data-test-result';
    const outcome = elem.getAttribute(outcomeAtt);
    const classOutcome = outcome + ' results-table-row';
    const outcomeRows = document.getElementsByClassName(classOutcome);

    for(let i = 0; i < outcomeRows.length; i++){
        outcomeRows[i].hidden = !elem.checked;
    }

    const rows = findAll('.results-table-row').filter(isAllRowsHidden);
    const allRowsHidden = rows.length == 0 ? true : false;
    const notFoundMessage = document.getElementById('not-found-message');
    notFoundMessage.hidden = !allRowsHidden;
}
</script>
    <h1>report.html</h1>
    <p>Report generated on 06-Mar-2021 at 15:58:52 by <a href="https://pypi.python.org/pypi/pytest-html">pytest-html</a> v3.1.1</p>
    <h2>Environment</h2>
    <table id="environment">
      <tr>
        <td>JAVA_HOME</td>
        <td>C:\Program Files\Java\jdk-15.0.1</td></tr>
      <tr>
        <td>Packages</td>
        <td>{"pluggy": "0.13.1", "py": "1.10.0", "pytest": "6.2.2"}</td></tr>
      <tr>
        <td>Platform</td>
        <td>Windows-10-10.0.19041-SP0</td></tr>
      <tr>
        <td>Plugins</td>
        <td>{"html": "3.1.1", "metadata": "1.11.0"}</td></tr>
      <tr>
        <td>Python</td>
        <td>3.9.1</td></tr></table>
    <h2>Summary</h2>
    <p>13 tests ran in 340.11 seconds. </p>
    <p class="filter" hidden="true">(Un)check the boxes to filter the results.</p><input checked="true" class="filter" data-test-result="passed" hidden="true" name="filter_checkbox" onChange="filterTable(this)" type="checkbox"/><span class="passed">12 passed</span>, <input checked="true" class="filter" data-test-result="skipped" disabled="true" hidden="true" name="filter_checkbox" onChange="filterTable(this)" type="checkbox"/><span class="skipped">0 skipped</span>, <input checked="true" class="filter" data-test-result="failed" hidden="true" name="filter_checkbox" onChange="filterTable(this)" type="checkbox"/><span class="failed">1 failed</span>, <input checked="true" class="filter" data-test-result="error" disabled="true" hidden="true" name="filter_checkbox" onChange="filterTable(this)" type="checkbox"/><span class="error">0 errors</span>, <input checked="true" class="filter" data-test-result="xfailed" disabled="true" hidden="true" name="filter_checkbox" onChange="filterTable(this)" type="checkbox"/><span class="xfailed">0 expected failures</span>, <input checked="true" class="filter" data-test-result="xpassed" disabled="true" hidden="true" name="filter_checkbox" onChange="filterTable(this)" type="checkbox"/><span class="xpassed">0 unexpected passes</span>
    <h2>Results</h2>
    <table id="results-table">
      <thead id="results-table-head">
        <tr>
          <th class="sortable result initial-sort" col="result">Result</th>
          <th class="sortable" col="name">Test</th>
          <th class="sortable" col="duration">Duration</th>
          <th class="sortable links" col="links">Links</th></tr>
        <tr hidden="true" id="not-found-message">
          <th colspan="4">No results found. Try to check the filters</th></tr></thead>
      <tbody class="failed results-table-row">
        <tr>
          <td class="col-result">Failed</td>
          <td class="col-name">test_exit_intent.py::TestExitIntent::test_exit_intent</td>
          <td class="col-duration">19.80</td>
          <td class="col-links"></td></tr>
        <tr>
          <td class="extra" colspan="4">
            <div class="log">self = &lt;Tests.test_exit_intent.TestExitIntent object at 0x0000024F6E48E910&gt;<br/><br/>    def test_exit_intent(self):<br/>        try:<br/>            self.log=self.getLogger()<br/>            self.exit=HomePage(self.driver)<br/>            self.exit.home(&quot;Exit Intent&quot;,10)<br/>            self.action=ActionChains(self.driver)<br/>            self.log.info(&quot;Created action object&quot;)<br/>    <br/>            self.log.info(&quot;Created model object&quot;)<br/>            self.log.info(&quot;CHeck done&quot;)<br/>            self.action.move_by_offset(0,0).perform()<br/>            self.log.info(&quot;Mouse moved by offset&quot;)<br/>&gt;           self.model = self.driver.find_element_by_xpath(&#x27;//div[@class=&quot;model-body&quot;]&#x27;)<br/><br/>test_exit_intent.py:22: <br/>_ _ _ _ _ _ _ _ _ _ _ _ _ _ _ _ _ _ _ _ _ _ _ _ _ _ _ _ _ _ _ _ _ _ _ _ _ _ _ _ <br/><br/>self = &lt;selenium.webdriver.chrome.webdriver.WebDriver (session=&quot;5b6179a832353b1f4fedaab941bdc6b5&quot;)&gt;<br/>xpath = &#x27;//div[@class=&quot;model-body&quot;]&#x27;<br/><br/>    def find_element_by_xpath(self, xpath):<br/>        &quot;&quot;&quot;<br/>        Finds an element by xpath.<br/>    <br/>        :Args:<br/>         - xpath - The xpath locator of the element to find.<br/>    <br/>        :Returns:<br/>         - WebElement - the element if it was found<br/>    <br/>        :Raises:<br/>         - NoSuchElementException - if the element wasn&#x27;t found<br/>    <br/>        :Usage:<br/>            element = driver.find_element_by_xpath(&#x27;//div/td[1]&#x27;)<br/>        &quot;&quot;&quot;<br/>&gt;       return self.find_element(by=By.XPATH, value=xpath)<br/><br/>..\venv\lib\site-packages\selenium\webdriver\remote\webdriver.py:394: <br/>_ _ _ _ _ _ _ _ _ _ _ _ _ _ _ _ _ _ _ _ _ _ _ _ _ _ _ _ _ _ _ _ _ _ _ _ _ _ _ _ <br/><br/>self = &lt;selenium.webdriver.chrome.webdriver.WebDriver (session=&quot;5b6179a832353b1f4fedaab941bdc6b5&quot;)&gt;<br/>by = &#x27;xpath&#x27;, value = &#x27;//div[@class=&quot;model-body&quot;]&#x27;<br/><br/>    def find_element(self, by=By.ID, value=None):<br/>        &quot;&quot;&quot;<br/>        Find an element given a By strategy and locator. Prefer the find_element_by_* methods when<br/>        possible.<br/>    <br/>        :Usage:<br/>            element = driver.find_element(By.ID, &#x27;foo&#x27;)<br/>    <br/>        :rtype: WebElement<br/>        &quot;&quot;&quot;<br/>        if self.w3c:<br/>            if by == By.ID:<br/>                by = By.CSS_SELECTOR<br/>                value = &#x27;[id=&quot;%s&quot;]&#x27; % value<br/>            elif by == By.TAG_NAME:<br/>                by = By.CSS_SELECTOR<br/>            elif by == By.CLASS_NAME:<br/>                by = By.CSS_SELECTOR<br/>                value = &quot;.%s&quot; % value<br/>            elif by == By.NAME:<br/>                by = By.CSS_SELECTOR<br/>                value = &#x27;[name=&quot;%s&quot;]&#x27; % value<br/>&gt;       return self.execute(Command.FIND_ELEMENT, {<br/>            &#x27;using&#x27;: by,<br/>            &#x27;value&#x27;: value})[&#x27;value&#x27;]<br/><br/>..\venv\lib\site-packages\selenium\webdriver\remote\webdriver.py:976: <br/>_ _ _ _ _ _ _ _ _ _ _ _ _ _ _ _ _ _ _ _ _ _ _ _ _ _ _ _ _ _ _ _ _ _ _ _ _ _ _ _ <br/><br/>self = &lt;selenium.webdriver.chrome.webdriver.WebDriver (session=&quot;5b6179a832353b1f4fedaab941bdc6b5&quot;)&gt;<br/>driver_command = &#x27;findElement&#x27;<br/>params = {&#x27;using&#x27;: &#x27;xpath&#x27;, &#x27;value&#x27;: &#x27;//div[@class=&quot;model-body&quot;]&#x27;}<br/><br/>    def execute(self, driver_command, params=None):<br/>        &quot;&quot;&quot;<br/>        Sends a command to be executed by a command.CommandExecutor.<br/>    <br/>        :Args:<br/>         - driver_command: The name of the command to execute as a string.<br/>         - params: A dictionary of named parameters to send with the command.<br/>    <br/>        :Returns:<br/>          The command&#x27;s JSON response loaded into a dictionary object.<br/>        &quot;&quot;&quot;<br/>        if self.session_id is not None:<br/>            if not params:<br/>                params = {&#x27;sessionId&#x27;: self.session_id}<br/>            elif &#x27;sessionId&#x27; not in params:<br/>                params[&#x27;sessionId&#x27;] = self.session_id<br/>    <br/>        params = self._wrap_value(params)<br/>        response = self.command_executor.execute(driver_command, params)<br/>        if response:<br/>&gt;           self.error_handler.check_response(response)<br/><br/>..\venv\lib\site-packages\selenium\webdriver\remote\webdriver.py:321: <br/>_ _ _ _ _ _ _ _ _ _ _ _ _ _ _ _ _ _ _ _ _ _ _ _ _ _ _ _ _ _ _ _ _ _ _ _ _ _ _ _ <br/><br/>self = &lt;selenium.webdriver.remote.errorhandler.ErrorHandler object at 0x0000024F6E484370&gt;<br/>response = {&#x27;status&#x27;: 404, &#x27;value&#x27;: &#x27;{&quot;value&quot;:{&quot;error&quot;:&quot;no such element&quot;,&quot;message&quot;:&quot;no such element: Unable to locate element: {\...\n\\tRtlGetAppContainerNamedObjectPath [0x77A476B4+228]\\n\\tRtlGetAppContainerNamedObjectPath [0x77A47684+180]\\n&quot;}}&#x27;}<br/><br/>    def check_response(self, response):<br/>        &quot;&quot;&quot;<br/>        Checks that a JSON response from the WebDriver does not have an error.<br/>    <br/>        :Args:<br/>         - response - The JSON response from the WebDriver server as a dictionary<br/>           object.<br/>    <br/>        :Raises: If the response contains an error message.<br/>        &quot;&quot;&quot;<br/>        status = response.get(&#x27;status&#x27;, None)<br/>        if status is None or status == ErrorCode.SUCCESS:<br/>            return<br/>        value = None<br/>        message = response.get(&quot;message&quot;, &quot;&quot;)<br/>        screen = response.get(&quot;screen&quot;, &quot;&quot;)<br/>        stacktrace = None<br/>        if isinstance(status, int):<br/>            value_json = response.get(&#x27;value&#x27;, None)<br/>            if value_json and isinstance(value_json, basestring):<br/>                import json<br/>                try:<br/>                    value = json.loads(value_json)<br/>                    if len(value.keys()) == 1:<br/>                        value = value[&#x27;value&#x27;]<br/>                    status = value.get(&#x27;error&#x27;, None)<br/>                    if status is None:<br/>                        status = value[&quot;status&quot;]<br/>                        message = value[&quot;value&quot;]<br/>                        if not isinstance(message, basestring):<br/>                            value = message<br/>                            message = message.get(&#x27;message&#x27;)<br/>                    else:<br/>                        message = value.get(&#x27;message&#x27;, None)<br/>                except ValueError:<br/>                    pass<br/>    <br/>        exception_class = ErrorInResponseException<br/>        if status in ErrorCode.NO_SUCH_ELEMENT:<br/>            exception_class = NoSuchElementException<br/>        elif status in ErrorCode.NO_SUCH_FRAME:<br/>            exception_class = NoSuchFrameException<br/>        elif status in ErrorCode.NO_SUCH_WINDOW:<br/>            exception_class = NoSuchWindowException<br/>        elif status in ErrorCode.STALE_ELEMENT_REFERENCE:<br/>            exception_class = StaleElementReferenceException<br/>        elif status in ErrorCode.ELEMENT_NOT_VISIBLE:<br/>            exception_class = ElementNotVisibleException<br/>        elif status in ErrorCode.INVALID_ELEMENT_STATE:<br/>            exception_class = InvalidElementStateException<br/>        elif status in ErrorCode.INVALID_SELECTOR \<br/>                or status in ErrorCode.INVALID_XPATH_SELECTOR \<br/>                or status in ErrorCode.INVALID_XPATH_SELECTOR_RETURN_TYPER:<br/>            exception_class = InvalidSelectorException<br/>        elif status in ErrorCode.ELEMENT_IS_NOT_SELECTABLE:<br/>            exception_class = ElementNotSelectableException<br/>        elif status in ErrorCode.ELEMENT_NOT_INTERACTABLE:<br/>            exception_class = ElementNotInteractableException<br/>        elif status in ErrorCode.INVALID_COOKIE_DOMAIN:<br/>            exception_class = InvalidCookieDomainException<br/>        elif status in ErrorCode.UNABLE_TO_SET_COOKIE:<br/>            exception_class = UnableToSetCookieException<br/>        elif status in ErrorCode.TIMEOUT:<br/>            exception_class = TimeoutException<br/>        elif status in ErrorCode.SCRIPT_TIMEOUT:<br/>            exception_class = TimeoutException<br/>        elif status in ErrorCode.UNKNOWN_ERROR:<br/>            exception_class = WebDriverException<br/>        elif status in ErrorCode.UNEXPECTED_ALERT_OPEN:<br/>            exception_class = UnexpectedAlertPresentException<br/>        elif status in ErrorCode.NO_ALERT_OPEN:<br/>            exception_class = NoAlertPresentException<br/>        elif status in ErrorCode.IME_NOT_AVAILABLE:<br/>            exception_class = ImeNotAvailableException<br/>        elif status in ErrorCode.IME_ENGINE_ACTIVATION_FAILED:<br/>            exception_class = ImeActivationFailedException<br/>        elif status in ErrorCode.MOVE_TARGET_OUT_OF_BOUNDS:<br/>            exception_class = MoveTargetOutOfBoundsException<br/>        elif status in ErrorCode.JAVASCRIPT_ERROR:<br/>            exception_class = JavascriptException<br/>        elif status in ErrorCode.SESSION_NOT_CREATED:<br/>            exception_class = SessionNotCreatedException<br/>        elif status in ErrorCode.INVALID_ARGUMENT:<br/>            exception_class = InvalidArgumentException<br/>        elif status in ErrorCode.NO_SUCH_COOKIE:<br/>            exception_class = NoSuchCookieException<br/>        elif status in ErrorCode.UNABLE_TO_CAPTURE_SCREEN:<br/>            exception_class = ScreenshotException<br/>        elif status in ErrorCode.ELEMENT_CLICK_INTERCEPTED:<br/>            exception_class = ElementClickInterceptedException<br/>        elif status in ErrorCode.INSECURE_CERTIFICATE:<br/>            exception_class = InsecureCertificateException<br/>        elif status in ErrorCode.INVALID_COORDINATES:<br/>            exception_class = InvalidCoordinatesException<br/>        elif status in ErrorCode.INVALID_SESSION_ID:<br/>            exception_class = InvalidSessionIdException<br/>        elif status in ErrorCode.UNKNOWN_METHOD:<br/>            exception_class = UnknownMethodException<br/>        else:<br/>            exception_class = WebDriverException<br/>        if value == &#x27;&#x27; or value is None:<br/>            value = response[&#x27;value&#x27;]<br/>        if isinstance(value, basestring):<br/>            if exception_class == ErrorInResponseException:<br/>                raise exception_class(response, value)<br/>            raise exception_class(value)<br/>        if message == &quot;&quot; and &#x27;message&#x27; in value:<br/>            message = value[&#x27;message&#x27;]<br/>    <br/>        screen = None<br/>        if &#x27;screen&#x27; in value:<br/>            screen = value[&#x27;screen&#x27;]<br/>    <br/>        stacktrace = None<br/>        if &#x27;stackTrace&#x27; in value and value[&#x27;stackTrace&#x27;]:<br/>            stacktrace = []<br/>            try:<br/>                for frame in value[&#x27;stackTrace&#x27;]:<br/>                    line = self._value_or_default(frame, &#x27;lineNumber&#x27;, &#x27;&#x27;)<br/>                    file = self._value_or_default(frame, &#x27;fileName&#x27;, &#x27;&lt;anonymous&gt;&#x27;)<br/>                    if line:<br/>                        file = &quot;%s:%s&quot; % (file, line)<br/>                    meth = self._value_or_default(frame, &#x27;methodName&#x27;, &#x27;&lt;anonymous&gt;&#x27;)<br/>                    if &#x27;className&#x27; in frame:<br/>                        meth = &quot;%s.%s&quot; % (frame[&#x27;className&#x27;], meth)<br/>                    msg = &quot;    at %s (%s)&quot;<br/>                    msg = msg % (meth, file)<br/>                    stacktrace.append(msg)<br/>            except TypeError:<br/>                pass<br/>        if exception_class == ErrorInResponseException:<br/>            raise exception_class(response, message)<br/>        elif exception_class == UnexpectedAlertPresentException:<br/>            alert_text = None<br/>            if &#x27;data&#x27; in value:<br/>                alert_text = value[&#x27;data&#x27;].get(&#x27;text&#x27;)<br/>            elif &#x27;alert&#x27; in value:<br/>                alert_text = value[&#x27;alert&#x27;].get(&#x27;text&#x27;)<br/>            raise exception_class(message, screen, stacktrace, alert_text)<br/>&gt;       raise exception_class(message, screen, stacktrace)<br/><span class="error">E       selenium.common.exceptions.NoSuchElementException: Message: no such element: Unable to locate element: {&quot;method&quot;:&quot;xpath&quot;,&quot;selector&quot;:&quot;//div[@class=&quot;model-body&quot;]&quot;}</span><br/><span class="error">E         (Session info: chrome=88.0.4324.190)</span><br/><br/>..\venv\lib\site-packages\selenium\webdriver\remote\errorhandler.py:242: NoSuchElementException<br/><br/>During handling of the above exception, another exception occurred:<br/><br/>self = &lt;Tests.test_exit_intent.TestExitIntent object at 0x0000024F6E48E910&gt;<br/><br/>    def test_exit_intent(self):<br/>        try:<br/>            self.log=self.getLogger()<br/>            self.exit=HomePage(self.driver)<br/>            self.exit.home(&quot;Exit Intent&quot;,10)<br/>            self.action=ActionChains(self.driver)<br/>            self.log.info(&quot;Created action object&quot;)<br/>    <br/>            self.log.info(&quot;Created model object&quot;)<br/>            self.log.info(&quot;CHeck done&quot;)<br/>            self.action.move_by_offset(0,0).perform()<br/>            self.log.info(&quot;Mouse moved by offset&quot;)<br/>            self.model = self.driver.find_element_by_xpath(&#x27;//div[@class=&quot;model-body&quot;]&#x27;)<br/>            if self.model.is_displayed():<br/>                self.log.info(&quot;The pop up is displayed&quot;)<br/>            else:<br/>                self.log.error(&quot;The Pop up is not displayed&quot;)<br/>        except:<br/>            self.log.error(sys.exc_info())<br/>&gt;           assert False<br/><span class="error">E           assert False</span><br/><br/>test_exit_intent.py:29: AssertionError<br/> -------------------------------Captured log call-------------------------------- <br/>INFO     test_exit_intent:test_exit_intent.py:16 Created action object
INFO     test_exit_intent:test_exit_intent.py:18 Created model object
INFO     test_exit_intent:test_exit_intent.py:19 CHeck done
INFO     test_exit_intent:test_exit_intent.py:21 Mouse moved by offset
ERROR    test_exit_intent:test_exit_intent.py:28 (&lt;class &#x27;selenium.common.exceptions.NoSuchElementException&#x27;&gt;, NoSuchElementException(&#x27;no such element: Unable to locate element: {&quot;method&quot;:&quot;xpath&quot;,&quot;selector&quot;:&quot;//div[@class=&quot;model-body&quot;]&quot;}\n  (Session info: chrome=88.0.4324.190)&#x27;, None, None), &lt;traceback object at 0x0000024F6E498B40&gt;)<br/></div></td></tr></tbody>
      <tbody class="passed results-table-row">
        <tr>
          <td class="col-result">Passed</td>
          <td class="col-name">test_BasicAuth.py::TestBasicAuth::test_BasicAuth</td>
          <td class="col-duration">17.98</td>
          <td class="col-links"></td></tr>
        <tr>
          <td class="extra" colspan="4">
            <div class="log"> -------------------------------Captured log call-------------------------------- <br/>ERROR    test_BasicAuth:test_BasicAuth.py:19 (&lt;class &#x27;IndexError&#x27;&gt;, IndexError(&#x27;list index out of range&#x27;), &lt;traceback object at 0x0000024F6DB500C0&gt;)<br/></div></td></tr></tbody>
      <tbody class="passed results-table-row">
        <tr>
          <td class="col-result">Passed</td>
          <td class="col-name">test_BrokenImage.py::TestBrokenImage::test_BrokenImg</td>
          <td class="col-duration">22.13</td>
          <td class="col-links"></td></tr>
        <tr>
          <td class="extra" colspan="4">
            <div class="log"> -------------------------------Captured log call-------------------------------- <br/>INFO     test_BrokenImg:test_BrokenImage.py:16 Broken Image link found.
INFO     test_BrokenImg:test_BrokenImage.py:20 Links of image found.
INFO     test_BrokenImg:test_BrokenImage.py:26 &lt;img style=&quot;position: absolute; top: 0; right: 0; border: 0;&quot; src=&quot;/img/forkme_right_green_007200.png&quot; alt=&quot;Fork me on GitHub&quot;&gt; is working fine.
WARNING  test_BrokenImg:test_BrokenImage.py:24 &lt;img src=&quot;asdf.jpg&quot;&gt; is broken.
WARNING  test_BrokenImg:test_BrokenImage.py:24 &lt;img src=&quot;hjkl.jpg&quot;&gt; is broken.
INFO     test_BrokenImg:test_BrokenImage.py:26 &lt;img src=&quot;img/avatar-blank.jpg&quot;&gt; is working fine.<br/></div></td></tr></tbody>
      <tbody class="passed results-table-row">
        <tr>
          <td class="col-result">Passed</td>
          <td class="col-name">test_Checkboxes.py::TestCheckox::test_checkBox</td>
          <td class="col-duration">13.39</td>
          <td class="col-links"></td></tr>
        <tr>
          <td class="extra" colspan="4">
            <div class="log"> -------------------------------Captured log call-------------------------------- <br/>INFO     test_checkBox:test_Checkboxes.py:20 Checkbox 1 is checked
INFO     test_checkBox:test_Checkboxes.py:23 Checkbox 2 is unchecked<br/></div></td></tr></tbody>
      <tbody class="passed results-table-row">
        <tr>
          <td class="col-result">Passed</td>
          <td class="col-name">test_ContextMenu.py::TestContextMenu::test_ContextMenu</td>
          <td class="col-duration">16.10</td>
          <td class="col-links"></td></tr>
        <tr>
          <td class="extra" colspan="4">
            <div class="log"> -------------------------------Captured log call-------------------------------- <br/>INFO     test_ContextMenu:test_ContextMenu.py:24 The Alert is working fine
INFO     test_ContextMenu:test_ContextMenu.py:29 The alert is closed.<br/></div></td></tr></tbody>
      <tbody class="passed results-table-row">
        <tr>
          <td class="col-result">Passed</td>
          <td class="col-name">test_DisappearingElements.py::TestDisappearingElements::test_DisappearingElements</td>
          <td class="col-duration">26.70</td>
          <td class="col-links"></td></tr>
        <tr>
          <td class="extra" colspan="4">
            <div class="log"> -------------------------------Captured log call-------------------------------- <br/>INFO     test_DisappearingElements:test_DisappearingElements.py:25 Current buttons are:  Home About Contact Us Portfolio Elemental Selenium
INFO     test_DisappearingElements:test_DisappearingElements.py:25 Current buttons are:  Home About Contact Us Portfolio Elemental Selenium
INFO     test_DisappearingElements:test_DisappearingElements.py:25 Current buttons are:  Home About Contact Us Portfolio Gallery Elemental Selenium
INFO     test_DisappearingElements:test_DisappearingElements.py:29 Gallery button found<br/></div></td></tr></tbody>
      <tbody class="passed results-table-row">
        <tr>
          <td class="col-result">Passed</td>
          <td class="col-name">test_DragandDrop.py::TestDRAGDROP::test_dragdAndDrop</td>
          <td class="col-duration">118.25</td>
          <td class="col-links"></td></tr>
        <tr>
          <td class="extra" colspan="4">
            <div class="log"> -------------------------------Captured log call-------------------------------- <br/>INFO     test_dragdAndDrop:test_DragandDrop.py:19 Drag and Drop completed!<br/></div></td></tr></tbody>
      <tbody class="passed results-table-row">
        <tr>
          <td class="col-result">Passed</td>
          <td class="col-name">test_DynamicContent.py::TestDynamicContent::test_DynamicContent</td>
          <td class="col-duration">15.60</td>
          <td class="col-links"></td></tr>
        <tr>
          <td class="extra" colspan="4">
            <div class="log"> -------------------------------Captured log call-------------------------------- <br/>WARNING  test_DynamicContent:test_DynamicContent.py:19 [&lt;selenium.webdriver.remote.webelement.WebElement (session=&quot;5ba152e65f32f30dfaf57af7f290b8ab&quot;, element=&quot;e2e2254e-3dd8-487a-991a-c3b001489918&quot;)&gt;, &lt;selenium.webdriver.remote.webelement.WebElement (session=&quot;5ba152e65f32f30dfaf57af7f290b8ab&quot;, element=&quot;e1573e34-07e8-45c5-aaf0-f9c309e4ed68&quot;)&gt;, &lt;selenium.webdriver.remote.webelement.WebElement (session=&quot;5ba152e65f32f30dfaf57af7f290b8ab&quot;, element=&quot;d8aacc37-af74-48d8-8870-ccfaf3013c47&quot;)&gt;]
INFO     test_DynamicContent:test_DynamicContent.py:23 Voluptatem saepe non sed alias voluptas voluptatem id rem qui est deserunt earum quae enim aperiam ab nostrum provident iusto amet rerum neque quia excepturi qui omnis inventore aut dolore.
INFO     test_DynamicContent:test_DynamicContent.py:23 Alias omnis est a aliquid nihil perspiciatis mollitia error possimus voluptatem sequi dolores eius illum aut numquam veniam quasi voluptas est deleniti est sunt saepe aperiam nesciunt accusamus ut porro laudantium qui eos.
INFO     test_DynamicContent:test_DynamicContent.py:23 Maxime velit et eos aut commodi mollitia alias recusandae incidunt quia quis dolorum aut exercitationem provident nam doloremque nostrum hic omnis autem nobis distinctio inventore tenetur nulla vel aspernatur sed et.
WARNING  test_DynamicContent:test_DynamicContent.py:19 [&lt;selenium.webdriver.remote.webelement.WebElement (session=&quot;5ba152e65f32f30dfaf57af7f290b8ab&quot;, element=&quot;3a0ed44f-e042-4494-92f9-e87d37b96a36&quot;)&gt;, &lt;selenium.webdriver.remote.webelement.WebElement (session=&quot;5ba152e65f32f30dfaf57af7f290b8ab&quot;, element=&quot;1d38c484-60b4-4d5f-8966-53c007d67e2d&quot;)&gt;, &lt;selenium.webdriver.remote.webelement.WebElement (session=&quot;5ba152e65f32f30dfaf57af7f290b8ab&quot;, element=&quot;4b187e57-6549-4230-8fd9-c7fabb1adebd&quot;)&gt;]
INFO     test_DynamicContent:test_DynamicContent.py:23 Adipisci at error architecto amet aliquid rerum non libero porro voluptas quos sunt eum neque soluta possimus magni unde quia placeat rem dolores veniam voluptas est dicta eligendi repellat hic ex laboriosam.
INFO     test_DynamicContent:test_DynamicContent.py:23 Fugiat id commodi dolor molestiae sint sed quaerat labore et nisi adipisci asperiores quod voluptatem nemo neque cumque tempora ut facere eligendi magni possimus aut est voluptatem sit earum id.
INFO     test_DynamicContent:test_DynamicContent.py:23 Sit qui autem corrupti aspernatur quibusdam sint incidunt odit omnis libero ratione repudiandae facere blanditiis consequatur eligendi alias ut enim quo ut fugiat ab mollitia est eaque eos et dolore ut dolorem.<br/></div></td></tr></tbody>
      <tbody class="passed results-table-row">
        <tr>
          <td class="col-result">Passed</td>
          <td class="col-name">test_EntryAd.py::TestEntryAd::test_entry_ad</td>
          <td class="col-duration">18.75</td>
          <td class="col-links"></td></tr>
        <tr>
          <td class="extra" colspan="4">
            <div class="log"> -------------------------------Captured log call-------------------------------- <br/>INFO     test_entry_ad:test_EntryAd.py:14 Entry Ad
ERROR    test_entry_ad:test_EntryAd.py:23 (&lt;class &#x27;AttributeError&#x27;&gt;, AttributeError(&quot;&#x27;WebDriver&#x27; object has no attribute &#x27;info&#x27;&quot;), &lt;traceback object at 0x0000024F6DB50340&gt;)<br/></div></td></tr></tbody>
      <tbody class="passed results-table-row">
        <tr>
          <td class="col-result">Passed</td>
          <td class="col-name">test_abtesting.py::TestAB::test_ab</td>
          <td class="col-duration">15.97</td>
          <td class="col-links"></td></tr>
        <tr>
          <td class="extra" colspan="4">
            <div class="log"> -------------------------------Captured log call-------------------------------- <br/>ERROR    test_ab:test_abtesting.py:18 (&lt;class &#x27;AttributeError&#x27;&gt;, AttributeError(&quot;type object &#x27;By&#x27; has no attribute &#x27;tag_name&#x27;&quot;), &lt;traceback object at 0x0000024F6E489100&gt;)<br/></div></td></tr></tbody>
      <tbody class="passed results-table-row">
        <tr>
          <td class="col-result">Passed</td>
          <td class="col-name">test_addRemoveElements.py::TestAddRemoveElements::test_AddRemoveButtons</td>
          <td class="col-duration">17.43</td>
          <td class="col-links"></td></tr>
        <tr>
          <td class="extra" colspan="4">
            <div class="log"> -------------------------------Captured log call-------------------------------- <br/>INFO     test_AddRemoveButtons:test_addRemoveElements.py:19 Clicked on Add Element. Current count= 1
INFO     test_AddRemoveButtons:test_addRemoveElements.py:22 Count for Expected Delete increased to 1
INFO     test_AddRemoveButtons:test_addRemoveElements.py:19 Clicked on Add Element. Current count= 2
INFO     test_AddRemoveButtons:test_addRemoveElements.py:22 Count for Expected Delete increased to 2
INFO     test_AddRemoveButtons:test_addRemoveElements.py:19 Clicked on Add Element. Current count= 3
INFO     test_AddRemoveButtons:test_addRemoveElements.py:22 Count for Expected Delete increased to 3
INFO     test_AddRemoveButtons:test_addRemoveElements.py:19 Clicked on Add Element. Current count= 4
INFO     test_AddRemoveButtons:test_addRemoveElements.py:22 Count for Expected Delete increased to 4
INFO     test_AddRemoveButtons:test_addRemoveElements.py:19 Clicked on Add Element. Current count= 5
INFO     test_AddRemoveButtons:test_addRemoveElements.py:22 Count for Expected Delete increased to 5
INFO     test_AddRemoveButtons:test_addRemoveElements.py:19 Clicked on Add Element. Current count= 6
INFO     test_AddRemoveButtons:test_addRemoveElements.py:22 Count for Expected Delete increased to 6
INFO     test_AddRemoveButtons:test_addRemoveElements.py:19 Clicked on Add Element. Current count= 7
INFO     test_AddRemoveButtons:test_addRemoveElements.py:22 Count for Expected Delete increased to 7
INFO     test_AddRemoveButtons:test_addRemoveElements.py:19 Clicked on Add Element. Current count= 8
INFO     test_AddRemoveButtons:test_addRemoveElements.py:22 Count for Expected Delete increased to 8
INFO     test_AddRemoveButtons:test_addRemoveElements.py:19 Clicked on Add Element. Current count= 9
INFO     test_AddRemoveButtons:test_addRemoveElements.py:22 Count for Expected Delete increased to 9
INFO     test_AddRemoveButtons:test_addRemoveElements.py:19 Clicked on Add Element. Current count= 10
INFO     test_AddRemoveButtons:test_addRemoveElements.py:22 Count for Expected Delete increased to 10
INFO     test_AddRemoveButtons:test_addRemoveElements.py:19 Clicked on Add Element. Current count= 11
INFO     test_AddRemoveButtons:test_addRemoveElements.py:22 Count for Expected Delete increased to 11
INFO     test_AddRemoveButtons:test_addRemoveElements.py:19 Clicked on Add Element. Current count= 12
INFO     test_AddRemoveButtons:test_addRemoveElements.py:22 Count for Expected Delete increased to 12
INFO     test_AddRemoveButtons:test_addRemoveElements.py:19 Clicked on Add Element. Current count= 13
INFO     test_AddRemoveButtons:test_addRemoveElements.py:22 Count for Expected Delete increased to 13
INFO     test_AddRemoveButtons:test_addRemoveElements.py:19 Clicked on Add Element. Current count= 14
INFO     test_AddRemoveButtons:test_addRemoveElements.py:22 Count for Expected Delete increased to 14
INFO     test_AddRemoveButtons:test_addRemoveElements.py:19 Clicked on Add Element. Current count= 15
INFO     test_AddRemoveButtons:test_addRemoveElements.py:22 Count for Expected Delete increased to 15
INFO     test_AddRemoveButtons:test_addRemoveElements.py:19 Clicked on Add Element. Current count= 16
INFO     test_AddRemoveButtons:test_addRemoveElements.py:22 Count for Expected Delete increased to 16
INFO     test_AddRemoveButtons:test_addRemoveElements.py:19 Clicked on Add Element. Current count= 17
INFO     test_AddRemoveButtons:test_addRemoveElements.py:22 Count for Expected Delete increased to 17
INFO     test_AddRemoveButtons:test_addRemoveElements.py:19 Clicked on Add Element. Current count= 18
INFO     test_AddRemoveButtons:test_addRemoveElements.py:22 Count for Expected Delete increased to 18
INFO     test_AddRemoveButtons:test_addRemoveElements.py:19 Clicked on Add Element. Current count= 19
INFO     test_AddRemoveButtons:test_addRemoveElements.py:22 Count for Expected Delete increased to 19
INFO     test_AddRemoveButtons:test_addRemoveElements.py:19 Clicked on Add Element. Current count= 20
INFO     test_AddRemoveButtons:test_addRemoveElements.py:22 Count for Expected Delete increased to 20
INFO     test_AddRemoveButtons:test_addRemoveElements.py:19 Clicked on Add Element. Current count= 21
INFO     test_AddRemoveButtons:test_addRemoveElements.py:22 Count for Expected Delete increased to 21
INFO     test_AddRemoveButtons:test_addRemoveElements.py:19 Clicked on Add Element. Current count= 22
INFO     test_AddRemoveButtons:test_addRemoveElements.py:22 Count for Expected Delete increased to 22
INFO     test_AddRemoveButtons:test_addRemoveElements.py:19 Clicked on Add Element. Current count= 23
INFO     test_AddRemoveButtons:test_addRemoveElements.py:22 Count for Expected Delete increased to 23
INFO     test_AddRemoveButtons:test_addRemoveElements.py:19 Clicked on Add Element. Current count= 24
INFO     test_AddRemoveButtons:test_addRemoveElements.py:22 Count for Expected Delete increased to 24
INFO     test_AddRemoveButtons:test_addRemoveElements.py:19 Clicked on Add Element. Current count= 25
INFO     test_AddRemoveButtons:test_addRemoveElements.py:22 Count for Expected Delete increased to 25
INFO     test_AddRemoveButtons:test_addRemoveElements.py:19 Clicked on Add Element. Current count= 26
INFO     test_AddRemoveButtons:test_addRemoveElements.py:22 Count for Expected Delete increased to 26
INFO     test_AddRemoveButtons:test_addRemoveElements.py:19 Clicked on Add Element. Current count= 27
INFO     test_AddRemoveButtons:test_addRemoveElements.py:22 Count for Expected Delete increased to 27
INFO     test_AddRemoveButtons:test_addRemoveElements.py:19 Clicked on Add Element. Current count= 28
INFO     test_AddRemoveButtons:test_addRemoveElements.py:22 Count for Expected Delete increased to 28
INFO     test_AddRemoveButtons:test_addRemoveElements.py:19 Clicked on Add Element. Current count= 29
INFO     test_AddRemoveButtons:test_addRemoveElements.py:22 Count for Expected Delete increased to 29
INFO     test_AddRemoveButtons:test_addRemoveElements.py:19 Clicked on Add Element. Current count= 30
INFO     test_AddRemoveButtons:test_addRemoveElements.py:22 Count for Expected Delete increased to 30
INFO     test_AddRemoveButtons:test_addRemoveElements.py:19 Clicked on Add Element. Current count= 31
INFO     test_AddRemoveButtons:test_addRemoveElements.py:22 Count for Expected Delete increased to 31
INFO     test_AddRemoveButtons:test_addRemoveElements.py:19 Clicked on Add Element. Current count= 32
INFO     test_AddRemoveButtons:test_addRemoveElements.py:22 Count for Expected Delete increased to 32
INFO     test_AddRemoveButtons:test_addRemoveElements.py:19 Clicked on Add Element. Current count= 33
INFO     test_AddRemoveButtons:test_addRemoveElements.py:22 Count for Expected Delete increased to 33
INFO     test_AddRemoveButtons:test_addRemoveElements.py:19 Clicked on Add Element. Current count= 34
INFO     test_AddRemoveButtons:test_addRemoveElements.py:22 Count for Expected Delete increased to 34
INFO     test_AddRemoveButtons:test_addRemoveElements.py:19 Clicked on Add Element. Current count= 35
INFO     test_AddRemoveButtons:test_addRemoveElements.py:22 Count for Expected Delete increased to 35
INFO     test_AddRemoveButtons:test_addRemoveElements.py:19 Clicked on Add Element. Current count= 36
INFO     test_AddRemoveButtons:test_addRemoveElements.py:22 Count for Expected Delete increased to 36
INFO     test_AddRemoveButtons:test_addRemoveElements.py:19 Clicked on Add Element. Current count= 37
INFO     test_AddRemoveButtons:test_addRemoveElements.py:22 Count for Expected Delete increased to 37
INFO     test_AddRemoveButtons:test_addRemoveElements.py:19 Clicked on Add Element. Current count= 38
INFO     test_AddRemoveButtons:test_addRemoveElements.py:22 Count for Expected Delete increased to 38
INFO     test_AddRemoveButtons:test_addRemoveElements.py:19 Clicked on Add Element. Current count= 39
INFO     test_AddRemoveButtons:test_addRemoveElements.py:22 Count for Expected Delete increased to 39
INFO     test_AddRemoveButtons:test_addRemoveElements.py:19 Clicked on Add Element. Current count= 40
INFO     test_AddRemoveButtons:test_addRemoveElements.py:22 Count for Expected Delete increased to 40
INFO     test_AddRemoveButtons:test_addRemoveElements.py:19 Clicked on Add Element. Current count= 41
INFO     test_AddRemoveButtons:test_addRemoveElements.py:22 Count for Expected Delete increased to 41
INFO     test_AddRemoveButtons:test_addRemoveElements.py:19 Clicked on Add Element. Current count= 42
INFO     test_AddRemoveButtons:test_addRemoveElements.py:22 Count for Expected Delete increased to 42
INFO     test_AddRemoveButtons:test_addRemoveElements.py:19 Clicked on Add Element. Current count= 43
INFO     test_AddRemoveButtons:test_addRemoveElements.py:22 Count for Expected Delete increased to 43
INFO     test_AddRemoveButtons:test_addRemoveElements.py:19 Clicked on Add Element. Current count= 44
INFO     test_AddRemoveButtons:test_addRemoveElements.py:22 Count for Expected Delete increased to 44
INFO     test_AddRemoveButtons:test_addRemoveElements.py:19 Clicked on Add Element. Current count= 45
INFO     test_AddRemoveButtons:test_addRemoveElements.py:22 Count for Expected Delete increased to 45
INFO     test_AddRemoveButtons:test_addRemoveElements.py:19 Clicked on Add Element. Current count= 46
INFO     test_AddRemoveButtons:test_addRemoveElements.py:22 Count for Expected Delete increased to 46
INFO     test_AddRemoveButtons:test_addRemoveElements.py:19 Clicked on Add Element. Current count= 47
INFO     test_AddRemoveButtons:test_addRemoveElements.py:22 Count for Expected Delete increased to 47
INFO     test_AddRemoveButtons:test_addRemoveElements.py:19 Clicked on Add Element. Current count= 48
INFO     test_AddRemoveButtons:test_addRemoveElements.py:22 Count for Expected Delete increased to 48
INFO     test_AddRemoveButtons:test_addRemoveElements.py:19 Clicked on Add Element. Current count= 49
INFO     test_AddRemoveButtons:test_addRemoveElements.py:22 Count for Expected Delete increased to 49<br/></div></td></tr></tbody>
      <tbody class="passed results-table-row">
        <tr>
          <td class="col-result">Passed</td>
          <td class="col-name">test_download.py::TestDownload::test_download</td>
          <td class="col-duration">18.99</td>
          <td class="col-links"></td></tr>
        <tr>
          <td class="extra" colspan="4">
            <div class="log"> -------------------------------Captured log call-------------------------------- <br/>INFO     test_download:test_download.py:14 First file downloaded<br/></div></td></tr></tbody>
      <tbody class="passed results-table-row">
        <tr>
          <td class="col-result">Passed</td>
          <td class="col-name">test_dropdown.py::TestDropDown::test_dropdown</td>
          <td class="col-duration">14.35</td>
          <td class="col-links"></td></tr>
        <tr>
          <td class="extra" colspan="4">
            <div class="log"> -------------------------------Captured log call-------------------------------- <br/>INFO     test_dropdown:test_dropdown.py:15 Option selected from the dropdown and hence the case is completed!<br/></div></td></tr></tbody></table></body></html>